Using pre-set license
Built from '2020.3/staging' branch; Version is '2020.3.22f1 (e1a7f79fd887) revision 14788599'; Using compiler version '192528614'; Build Type 'Release'
OS: 'Windows 10 Pro; OS build 22000.434; Version 2009; 64bit' Language: 'fr' Physical Memory: 16169 MB
BatchMode: 1, IsHumanControllingUs: 0, StartBugReporterOnCrash: 0, Is64bit: 1, IsPro: 0

COMMAND LINE ARGUMENTS:
D:\BKEnvironnement\UnityInstalls\2020.3.22f1\Editor\Unity.exe
-adb2
-batchMode
-noUpm
-name
AssetImportWorker0
-projectPath
D:/PersoEnvironnement/Projects/GGJ_2022_PlusMinus
-logFile
Logs/AssetImportWorker0.log
-srvPort
59236
Successfully changed project path to: D:/PersoEnvironnement/Projects/GGJ_2022_PlusMinus
D:/PersoEnvironnement/Projects/GGJ_2022_PlusMinus
Using Asset Import Pipeline V2.
Refreshing native plugins compatible for Editor in 36.30 ms, found 3 plugins.
Preloading 0 native plugins for Editor in 0.00 ms.
Initialize engine version: 2020.3.22f1 (e1a7f79fd887)
[Subsystems] Discovering subsystems at path D:/BKEnvironnement/UnityInstalls/2020.3.22f1/Editor/Data/Resources/UnitySubsystems
[Subsystems] Discovering subsystems at path D:/PersoEnvironnement/Projects/GGJ_2022_PlusMinus/Assets
GfxDevice: creating device client; threaded=0
Direct3D:
    Version:  Direct3D 11.0 [level 11.1]
    Renderer: NVIDIA GeForce RTX 2070 (ID=0x1f14)
    Vendor:   
    VRAM:     8031 MB
    Driver:   27.21.14.6677
Initialize mono
Mono path[0] = 'D:/BKEnvironnement/UnityInstalls/2020.3.22f1/Editor/Data/Managed'
Mono path[1] = 'D:/BKEnvironnement/UnityInstalls/2020.3.22f1/Editor/Data/MonoBleedingEdge/lib/mono/unityjit'
Mono config path = 'D:/BKEnvironnement/UnityInstalls/2020.3.22f1/Editor/Data/MonoBleedingEdge/etc'
Using monoOptions --debugger-agent=transport=dt_socket,embedding=1,server=y,suspend=n,address=127.0.0.1:56256
Begin MonoManager ReloadAssembly
Registering precompiled unity dll's ...
Register platform support module: D:/BKEnvironnement/UnityInstalls/2020.3.22f1/Editor/Data/PlaybackEngines/WindowsStandaloneSupport/UnityEditor.WindowsStandalone.Extensions.dll
Registered in 0.000702 seconds.
Native extension for WindowsStandalone target not found
Refreshing native plugins compatible for Editor in 37.30 ms, found 3 plugins.
Preloading 0 native plugins for Editor in 0.00 ms.
Mono: successfully reloaded assembly
- Completed reload, in  1.049 seconds
Domain Reload Profiling:
	ReloadAssembly (1049ms)
		BeginReloadAssembly (51ms)
			ExecutionOrderSort (0ms)
			DisableScriptedObjects (0ms)
			BackupInstance (0ms)
			ReleaseScriptingObjects (0ms)
			CreateAndSetChildDomain (1ms)
		EndReloadAssembly (388ms)
			LoadAssemblies (50ms)
			RebuildTransferFunctionScriptingTraits (0ms)
			SetupTypeCache (130ms)
			ReleaseScriptCaches (0ms)
			RebuildScriptCaches (29ms)
			SetupLoadedEditorAssemblies (152ms)
				LogAssemblyErrors (0ms)
				InitializePlatformSupportModulesInManaged (3ms)
				SetLoadedEditorAssemblies (0ms)
				RefreshPlugins (37ms)
				BeforeProcessingInitializeOnLoad (12ms)
				ProcessInitializeOnLoadAttributes (75ms)
				ProcessInitializeOnLoadMethodAttributes (25ms)
				AfterProcessingInitializeOnLoad (0ms)
				EditorAssembliesLoaded (0ms)
			ExecutionOrderSort2 (0ms)
			AwakeInstancesAfterBackupRestoration (0ms)
Platform modules already initialized, skipping
Registering precompiled user dll's ...
Registered in 0.003065 seconds.
Begin MonoManager ReloadAssembly
Native extension for WindowsStandalone target not found
Refreshing native plugins compatible for Editor in 37.52 ms, found 3 plugins.
Preloading 0 native plugins for Editor in 0.00 ms.
Mono: successfully reloaded assembly
- Completed reload, in  0.975 seconds
Domain Reload Profiling:
	ReloadAssembly (976ms)
		BeginReloadAssembly (130ms)
			ExecutionOrderSort (0ms)
			DisableScriptedObjects (4ms)
			BackupInstance (0ms)
			ReleaseScriptingObjects (0ms)
			CreateAndSetChildDomain (16ms)
		EndReloadAssembly (801ms)
			LoadAssemblies (82ms)
			RebuildTransferFunctionScriptingTraits (0ms)
			SetupTypeCache (255ms)
			ReleaseScriptCaches (0ms)
			RebuildScriptCaches (48ms)
			SetupLoadedEditorAssemblies (318ms)
				LogAssemblyErrors (0ms)
				InitializePlatformSupportModulesInManaged (3ms)
				SetLoadedEditorAssemblies (0ms)
				RefreshPlugins (38ms)
				BeforeProcessingInitializeOnLoad (68ms)
				ProcessInitializeOnLoadAttributes (191ms)
				ProcessInitializeOnLoadMethodAttributes (16ms)
				AfterProcessingInitializeOnLoad (2ms)
				EditorAssembliesLoaded (0ms)
			ExecutionOrderSort2 (0ms)
			AwakeInstancesAfterBackupRestoration (6ms)
Platform modules already initialized, skipping
========================================================================
Worker process is ready to serve import requests
Launched and connected shader compiler UnityShaderCompiler.exe after 0.05 seconds
Refreshing native plugins compatible for Editor in 0.40 ms, found 3 plugins.
Preloading 0 native plugins for Editor in 0.00 ms.
Unloading 2182 Unused Serialized files (Serialized files now loaded: 0)
System memory in use before: 95.4 MB.
System memory in use after: 95.5 MB.

Unloading 28 unused Assets to reduce memory usage. Loaded Objects now: 2615.
Total: 3.860600 ms (FindLiveObjects: 0.209400 ms CreateObjectMapping: 0.086700 ms MarkObjects: 3.485300 ms  DeleteObjects: 0.077600 ms)

AssetImportParameters requested are different than current active one (requested -> active):
  custom:framework-win-MediaFoundation: 216162199b28c13a410421893ffa2e32 -> 
  custom:video-decoder-ogg-theora: a1e56fd34408186e4bbccfd4996cb3dc -> 
  custom:container-muxer-webm: aa71ff27fc2769a1b78a27578f13a17b -> 
  custom:container-demuxer-webm: 4f35f7cbe854078d1ac9338744f61a02 -> 
  custom:container-demuxer-ogg: 62fdf1f143b41e24485cea50d1cbac27 -> 
  custom:video-encoder-webm-vp8: eb34c28f22e8b96e1ab97ce403110664 -> 
  custom:video-decoder-webm-vp8: 9c59270c3fd7afecdb556c50c9e8de78 -> 
  custom:audio-decoder-ogg-vorbis: bf7c407c2cedff20999df2af8eb42d56 -> 
  custom:audio-encoder-webm-vorbis: bf7c407c2cedff20999df2af8eb42d56 -> 
========================================================================
Received Import Request.
  path: Assets/Sprites/Plus
  artifactKey: Guid(a3b67bb22a3fe1f499d0c5b09b67f2e9) Importer(815301076,1909f56bfc062723c751e8b465ee728b)
Start importing Assets/Sprites/Plus using Guid(a3b67bb22a3fe1f499d0c5b09b67f2e9) Importer(815301076,1909f56bfc062723c751e8b465ee728b)  -> (artifact id: '345c4f5d76b70ea5ace9cdc1d81c857e') in 0.023063 seconds 
  Import took 0.026107 seconds .

========================================================================
Received Import Request.
  Time since last request: 0.000136 seconds.
  path: Assets/Sprites/Plus/plus_spritesheet.pdn
  artifactKey: Guid(d734d1c19577699499cce6d680d4a11a) Importer(815301076,1909f56bfc062723c751e8b465ee728b)
Start importing Assets/Sprites/Plus/plus_spritesheet.pdn using Guid(d734d1c19577699499cce6d680d4a11a) Importer(815301076,1909f56bfc062723c751e8b465ee728b)  -> (artifact id: 'cad70ee2c1bb85b9cb3d399a2ced338c') in 0.041847 seconds 
  Import took 0.044876 seconds .

========================================================================
Received Import Request.
  Time since last request: 0.000127 seconds.
  path: Assets/Sprites/Plus/plus_spritesheet.png
  artifactKey: Guid(1a9d229b35305ba43945866731ed4099) Importer(815301076,1909f56bfc062723c751e8b465ee728b)
Start importing Assets/Sprites/Plus/plus_spritesheet.png using Guid(1a9d229b35305ba43945866731ed4099) Importer(815301076,1909f56bfc062723c751e8b465ee728b)  -> (artifact id: '168f800b875848343870eef5a00d0bb2') in 0.079178 seconds 
  Import took 0.081860 seconds .

========================================================================
Received Import Request.
  Time since last request: 0.000148 seconds.
  path: Assets/Sprites
  artifactKey: Guid(9d8fe9a2552739f42a8a6a1a84e99923) Importer(815301076,1909f56bfc062723c751e8b465ee728b)
Start importing Assets/Sprites using Guid(9d8fe9a2552739f42a8a6a1a84e99923) Importer(815301076,1909f56bfc062723c751e8b465ee728b)  -> (artifact id: '45e0861a96a4213256cf9017b73cd387') in 0.021758 seconds 
  Import took 0.025392 seconds .

========================================================================
Received Import Request.
  Time since last request: 3.491053 seconds.
  path: Assets/Sprites/Plus/plus_spritesheet.png
  artifactKey: Guid(1a9d229b35305ba43945866731ed4099) Importer(815301076,1909f56bfc062723c751e8b465ee728b)
Start importing Assets/Sprites/Plus/plus_spritesheet.png using Guid(1a9d229b35305ba43945866731ed4099) Importer(815301076,1909f56bfc062723c751e8b465ee728b)  -> (artifact id: 'aeca4ff89b27a656931623a23676e9f1') in 0.028349 seconds 
  Import took 0.032350 seconds .

========================================================================
Received Import Request.
  Time since last request: 153.078579 seconds.
  path: Assets/Sprites/Plus/plus_spritesheet.png
  artifactKey: Guid(1a9d229b35305ba43945866731ed4099) Importer(815301076,1909f56bfc062723c751e8b465ee728b)
Start importing Assets/Sprites/Plus/plus_spritesheet.png using Guid(1a9d229b35305ba43945866731ed4099) Importer(815301076,1909f56bfc062723c751e8b465ee728b)  -> (artifact id: 'ef421855bf68485aa2391dff2b03616c') in 0.077699 seconds 
  Import took 0.082710 seconds .

========================================================================
Received Import Request.
  Time since last request: 13.971435 seconds.
  path: Assets/Sprites/Minus
  artifactKey: Guid(547c522be1c3a05419a08d0736cb6177) Importer(815301076,1909f56bfc062723c751e8b465ee728b)
Start importing Assets/Sprites/Minus using Guid(547c522be1c3a05419a08d0736cb6177) Importer(815301076,1909f56bfc062723c751e8b465ee728b)  -> (artifact id: '34ba7247461a2fcba2a8f50e5884916e') in 0.021004 seconds 
  Import took 0.023793 seconds .

========================================================================
Received Import Request.
  Time since last request: 0.662648 seconds.
  path: Assets/Sprites/Minus/minus_spritesheet.png
  artifactKey: Guid(345a61d1fda844443b7115f624efc5ee) Importer(815301076,1909f56bfc062723c751e8b465ee728b)
Start importing Assets/Sprites/Minus/minus_spritesheet.png using Guid(345a61d1fda844443b7115f624efc5ee) Importer(815301076,1909f56bfc062723c751e8b465ee728b)  -> (artifact id: '2338c4446d37ae1dbc1989337de28eaf') in 0.033730 seconds 
  Import took 0.036760 seconds .

========================================================================
Received Import Request.
  Time since last request: 8.353507 seconds.
  path: Assets/Sprites/Minus/minus_spritesheet.png
  artifactKey: Guid(345a61d1fda844443b7115f624efc5ee) Importer(815301076,1909f56bfc062723c751e8b465ee728b)
Start importing Assets/Sprites/Minus/minus_spritesheet.png using Guid(345a61d1fda844443b7115f624efc5ee) Importer(815301076,1909f56bfc062723c751e8b465ee728b)  -> (artifact id: '10330d254e1a5e0690581b3c2ce75f49') in 0.029470 seconds 
  Import took 0.034203 seconds .

========================================================================
Received Import Request.
  Time since last request: 118.755672 seconds.
  path: Assets/Sprites/Minus/minus_spritesheet.png
  artifactKey: Guid(345a61d1fda844443b7115f624efc5ee) Importer(815301076,1909f56bfc062723c751e8b465ee728b)
Start importing Assets/Sprites/Minus/minus_spritesheet.png using Guid(345a61d1fda844443b7115f624efc5ee) Importer(815301076,1909f56bfc062723c751e8b465ee728b)  -> (artifact id: 'cc4afd1a6b2dca9f90c8b4e48676aa02') in 0.065676 seconds 
  Import took 0.070349 seconds .

